[05/24/2023, 21:28:33] myBackendAPI - INFO: GET /posts	http://localhost:5173
[05/24/2023, 21:28:41] myBackendAPI - INFO: PATCH /posts/643b9cdd7758ab9187dca666/like	http://localhost:5173
[05/24/2023, 21:28:58] myBackendAPI - INFO: POST /auth/login	http://localhost:5173
[05/24/2023, 21:28:59] myBackendAPI - INFO: GET /posts	http://localhost:5173
[05/24/2023, 21:29:06] myBackendAPI - INFO: PATCH /posts/646e1c79ac3a4d1009cda86f/like	http://localhost:5173
[05/24/2023, 21:29:50] myBackendAPI - INFO: POST /posts	http://localhost:5173
[05/24/2023, 21:29:57] myBackendAPI - INFO: GET /posts	http://localhost:5173
[05/24/2023, 21:30:10] myBackendAPI - INFO: PATCH /posts/646e1f6592998a8f02e52144/like	http://localhost:5173
[05/24/2023, 21:30:25] myBackendAPI - INFO: GET /posts/643b9cdd7758ab9187dca666	http://localhost:5173
[05/24/2023, 21:30:31] myBackendAPI - INFO: GET /posts/CWKChan/user	http://localhost:5173
[05/24/2023, 21:30:49] myBackendAPI - INFO: POST /auth/login	http://localhost:5173
[05/24/2023, 21:30:49] myBackendAPI - INFO: GET /posts	http://localhost:5173
[05/24/2023, 21:31:40] myBackendAPI - INFO: PATCH /posts/646e1f6592998a8f02e52144/like	http://localhost:5173
[05/24/2023, 21:32:32] myBackendAPI - INFO: PATCH /posts/646e1f6592998a8f02e52144/like	http://localhost:5173
[05/24/2023, 21:32:44] myBackendAPI - INFO: PATCH /posts/643b9cdd7758ab9187dca666/like	http://localhost:5173
[05/24/2023, 21:32:51] myBackendAPI - INFO: PATCH /posts/643b9cdd7758ab9187dca666/like	http://localhost:5173
[05/24/2023, 21:41:53] myBackendAPI - INFO: POST /auth/login	http://localhost:5173
[05/24/2023, 21:41:53] myBackendAPI - INFO: GET /posts	http://localhost:5173
[05/24/2023, 21:42:00] myBackendAPI - INFO: PATCH /posts/643b9cdd7758ab9187dca666/like	http://localhost:5173
[05/24/2023, 21:47:13] myBackendAPI - INFO: GET /posts	http://localhost:5173
[05/24/2023, 21:47:17] myBackendAPI - INFO: GET /posts	http://localhost:5173
[05/24/2023, 21:47:21] myBackendAPI - INFO: PATCH /posts/643b9cdd7758ab9187dca666/like	http://localhost:5173
[05/24/2023, 21:47:26] myBackendAPI - INFO: GET /posts	http://localhost:5173
[05/24/2023, 21:47:31] myBackendAPI - INFO: PATCH /posts/643b9cdd7758ab9187dca666/like	http://localhost:5173
[05/24/2023, 21:47:40] myBackendAPI - INFO: GET /posts	http://localhost:5173
[05/24/2023, 21:47:46] myBackendAPI - INFO: PATCH /posts/646e1f6592998a8f02e52144/like	http://localhost:5173
[05/24/2023, 21:47:55] myBackendAPI - INFO: GET /posts	http://localhost:5173
[05/24/2023, 21:48:18] myBackendAPI - INFO: POST /auth/login	http://localhost:5173
[05/24/2023, 21:48:18] myBackendAPI - INFO: GET /posts	http://localhost:5173
[05/24/2023, 21:48:19] myBackendAPI - INFO: GET /posts	http://localhost:5173
[05/24/2023, 21:48:21] myBackendAPI - INFO: PATCH /posts/643b9cdd7758ab9187dca666/like	http://localhost:5173
[05/24/2023, 21:48:34] myBackendAPI - INFO: GET /posts	http://localhost:5173
[05/24/2023, 21:48:36] myBackendAPI - INFO: GET /posts	http://localhost:5173
[05/24/2023, 21:48:46] myBackendAPI - INFO: GET /posts	http://localhost:5173
[05/24/2023, 21:48:49] myBackendAPI - INFO: PATCH /posts/643b9cdd7758ab9187dca666/like	http://localhost:5173
[05/24/2023, 21:49:01] myBackendAPI - INFO: GET /posts	http://localhost:5173
[05/24/2023, 21:49:13] myBackendAPI - INFO: GET /posts	http://localhost:5173
[05/24/2023, 21:49:14] myBackendAPI - INFO: GET /posts	http://localhost:5173
[05/24/2023, 21:49:15] myBackendAPI - INFO: GET /posts	http://localhost:5173
[05/24/2023, 21:49:16] myBackendAPI - INFO: GET /posts	http://localhost:5173
[05/24/2023, 21:49:17] myBackendAPI - INFO: GET /posts	http://localhost:5173
[05/24/2023, 21:49:18] myBackendAPI - INFO: GET /posts	http://localhost:5173
[05/24/2023, 21:49:19] myBackendAPI - INFO: GET /posts	http://localhost:5173
[05/24/2023, 21:49:20] myBackendAPI - INFO: GET /posts	http://localhost:5173
[05/24/2023, 21:49:21] myBackendAPI - INFO: GET /posts	http://localhost:5173
[05/24/2023, 21:49:29] myBackendAPI - INFO: GET /posts	http://localhost:5173
[05/24/2023, 21:49:30] myBackendAPI - INFO: PATCH /posts/643b9cdd7758ab9187dca666/like	http://localhost:5173
[05/24/2023, 21:49:39] myBackendAPI - INFO: GET /posts	http://localhost:5173
[05/24/2023, 21:49:41] myBackendAPI - INFO: GET /posts	http://localhost:5173
[05/24/2023, 21:49:44] myBackendAPI - INFO: GET /posts	http://localhost:5173
[05/24/2023, 21:49:44] myBackendAPI - INFO: GET /posts	http://localhost:5173
[05/24/2023, 21:50:00] myBackendAPI - INFO: GET /posts	http://localhost:5173
[05/24/2023, 21:50:16] myBackendAPI - INFO: GET /posts	http://localhost:5173
[05/24/2023, 21:50:32] myBackendAPI - INFO: GET /posts	http://localhost:5173
[05/24/2023, 21:50:33] myBackendAPI - INFO: GET /posts	http://localhost:5173
[05/24/2023, 21:50:48] myBackendAPI - INFO: GET /posts	http://localhost:5173
[05/24/2023, 21:51:04] myBackendAPI - INFO: GET /posts	http://localhost:5173
[05/24/2023, 21:51:20] myBackendAPI - INFO: GET /posts	http://localhost:5173
[05/24/2023, 21:51:34] myBackendAPI - INFO: GET /posts	http://localhost:5173
[05/24/2023, 21:51:50] myBackendAPI - INFO: GET /posts	http://localhost:5173
[05/24/2023, 21:52:02] myBackendAPI - INFO: POST /auth/login	http://localhost:5173
[05/24/2023, 21:52:02] myBackendAPI - INFO: GET /posts	http://localhost:5173
[05/24/2023, 21:52:06] myBackendAPI - INFO: PATCH /posts/643b9cdd7758ab9187dca666/like	http://localhost:5173
[05/24/2023, 21:52:06] myBackendAPI - INFO: GET /posts	http://localhost:5173
[05/24/2023, 21:52:07] myBackendAPI - INFO: PATCH /posts/643b9cdd7758ab9187dca666/like	http://localhost:5173
[05/24/2023, 21:52:07] myBackendAPI - INFO: GET /posts	http://localhost:5173
[05/24/2023, 21:52:10] myBackendAPI - INFO: PATCH /posts/643b9cfa7758ab9187dca669/like	http://localhost:5173
[05/24/2023, 21:52:10] myBackendAPI - INFO: GET /posts	http://localhost:5173
[05/24/2023, 21:52:10] myBackendAPI - INFO: PATCH /posts/643b9cfa7758ab9187dca669/like	http://localhost:5173
[05/24/2023, 21:52:10] myBackendAPI - INFO: GET /posts	http://localhost:5173
[05/24/2023, 21:52:12] myBackendAPI - INFO: PATCH /posts/646e1c00ac3a4d1009cda86a/like	http://localhost:5173
[05/24/2023, 21:52:12] myBackendAPI - INFO: GET /posts	http://localhost:5173
[05/24/2023, 21:52:14] myBackendAPI - INFO: PATCH /posts/646e1c00ac3a4d1009cda86a/like	http://localhost:5173
[05/24/2023, 21:52:14] myBackendAPI - INFO: GET /posts	http://localhost:5173
[05/25/2023, 13:18:56] myBackendAPI - INFO: POST /auth/login	http://localhost:5173
[05/25/2023, 13:18:57] myBackendAPI - INFO: GET /posts	http://localhost:5173
[05/25/2023, 13:19:08] myBackendAPI - INFO: PATCH /posts/646e1c79ac3a4d1009cda86f/like	http://localhost:5173
[05/25/2023, 13:19:08] myBackendAPI - INFO: GET /posts	http://localhost:5173
[05/25/2023, 13:19:09] myBackendAPI - INFO: PATCH /posts/646e1c79ac3a4d1009cda86f/like	http://localhost:5173
[05/25/2023, 13:19:09] myBackendAPI - INFO: GET /posts	http://localhost:5173
[05/25/2023, 13:19:37] myBackendAPI - INFO: POST /auth/login	http://localhost:5173
[05/25/2023, 13:19:38] myBackendAPI - INFO: GET /posts	http://localhost:5173
[05/25/2023, 13:19:43] myBackendAPI - INFO: PATCH /posts/643b9cdd7758ab9187dca666/like	http://localhost:5173
[05/25/2023, 13:20:21] myBackendAPI - INFO: PATCH /posts/643b9cdd7758ab9187dca666/like	http://localhost:5173
[05/25/2023, 13:22:11] myBackendAPI - INFO: POST /auth/login	http://localhost:5173
[05/25/2023, 13:22:12] myBackendAPI - INFO: GET /posts	http://localhost:5173
[05/25/2023, 13:22:16] myBackendAPI - INFO: PATCH /posts/646e1f6592998a8f02e52144/like	http://localhost:5173
[05/25/2023, 13:24:47] myBackendAPI - INFO: POST /auth/login	http://localhost:5173
[05/25/2023, 13:24:47] myBackendAPI - INFO: GET /posts	http://localhost:5173
[05/25/2023, 13:24:50] myBackendAPI - INFO: PATCH /posts/643b9cdd7758ab9187dca666/like	http://localhost:5173
[05/25/2023, 13:25:30] myBackendAPI - INFO: POST /auth/login	http://localhost:5173
[05/25/2023, 13:25:30] myBackendAPI - INFO: GET /posts	http://localhost:5173
[05/25/2023, 13:25:37] myBackendAPI - INFO: PATCH /posts/643b9cdd7758ab9187dca666/like	http://localhost:5173
[05/25/2023, 13:25:57] myBackendAPI - INFO: POST /auth/login	http://localhost:5173
[05/25/2023, 13:25:57] myBackendAPI - INFO: GET /posts	http://localhost:5173
[05/25/2023, 13:26:00] myBackendAPI - INFO: PATCH /posts/643b9cdd7758ab9187dca666/like	http://localhost:5173
[05/25/2023, 13:34:19] myBackendAPI - INFO: POST /auth/login	http://localhost:5173
[05/25/2023, 13:34:20] myBackendAPI - INFO: GET /posts	http://localhost:5173
[05/25/2023, 13:34:23] myBackendAPI - INFO: PATCH /posts/643b9cdd7758ab9187dca666/like	http://localhost:5173
[05/25/2023, 13:34:51] myBackendAPI - INFO: POST /auth/login	http://localhost:5173
[05/25/2023, 13:34:51] myBackendAPI - INFO: GET /posts	http://localhost:5173
[05/25/2023, 13:34:54] myBackendAPI - INFO: PATCH /posts/643b9cdd7758ab9187dca666/like	http://localhost:5173
[05/25/2023, 13:34:54] myBackendAPI - INFO: GET /posts	http://localhost:5173
[05/25/2023, 13:34:55] myBackendAPI - INFO: PATCH /posts/643b9cdd7758ab9187dca666/like	http://localhost:5173
[05/25/2023, 13:34:55] myBackendAPI - INFO: GET /posts	http://localhost:5173
[05/25/2023, 13:34:58] myBackendAPI - INFO: PATCH /posts/643b9cfa7758ab9187dca669/like	http://localhost:5173
[05/25/2023, 13:34:58] myBackendAPI - INFO: GET /posts	http://localhost:5173
[05/25/2023, 13:34:59] myBackendAPI - INFO: PATCH /posts/643b9cfa7758ab9187dca669/like	http://localhost:5173
[05/25/2023, 13:34:59] myBackendAPI - INFO: GET /posts	http://localhost:5173
[05/25/2023, 13:35:10] myBackendAPI - INFO: GET /posts/643b9cdd7758ab9187dca666	http://localhost:5173
[05/25/2023, 13:35:42] myBackendAPI - INFO: PATCH /posts/643b9cdd7758ab9187dca666/like	http://localhost:5173
[05/25/2023, 13:35:42] myBackendAPI - INFO: GET /posts	http://localhost:5173
[05/25/2023, 13:35:42] myBackendAPI - INFO: PATCH /posts/643b9cdd7758ab9187dca666/like	http://localhost:5173
[05/25/2023, 13:35:43] myBackendAPI - INFO: GET /posts	http://localhost:5173
[05/25/2023, 13:35:52] myBackendAPI - INFO: GET /posts/CWKChan/user	http://localhost:5173
[05/25/2023, 13:35:53] myBackendAPI - INFO: GET /posts/643b9cdd7758ab9187dca666	http://localhost:5173
[05/25/2023, 13:45:04] myBackendAPI - INFO: GET /posts/chandra%20wijaya%20kusuma/user	http://localhost:5173
[05/25/2023, 13:45:11] myBackendAPI - INFO: PATCH /posts/646e1f6592998a8f02e52144/like	http://localhost:5173
[05/25/2023, 13:45:11] myBackendAPI - INFO: GET /posts	http://localhost:5173
[05/25/2023, 13:45:12] myBackendAPI - INFO: PATCH /posts/646e1f6592998a8f02e52144/like	http://localhost:5173
[05/25/2023, 13:45:12] myBackendAPI - INFO: GET /posts	http://localhost:5173
[05/25/2023, 13:45:14] myBackendAPI - INFO: PATCH /posts/646e1f6592998a8f02e52144/like	http://localhost:5173
[05/25/2023, 13:45:15] myBackendAPI - INFO: GET /posts	http://localhost:5173
[05/25/2023, 13:45:15] myBackendAPI - INFO: PATCH /posts/646e1f6592998a8f02e52144/like	http://localhost:5173
[05/25/2023, 13:45:15] myBackendAPI - INFO: GET /posts	http://localhost:5173
[05/25/2023, 13:45:16] myBackendAPI - INFO: PATCH /posts/646e1f6592998a8f02e52144/like	http://localhost:5173
[05/25/2023, 13:45:16] myBackendAPI - INFO: GET /posts	http://localhost:5173
[05/25/2023, 13:45:27] myBackendAPI - INFO: PATCH /posts/643b9cdd7758ab9187dca666/like	http://localhost:5173
[05/25/2023, 13:45:27] myBackendAPI - INFO: GET /posts	http://localhost:5173
[05/25/2023, 13:45:28] myBackendAPI - INFO: PATCH /posts/643b9cdd7758ab9187dca666/like	http://localhost:5173
[05/25/2023, 13:45:28] myBackendAPI - INFO: GET /posts	http://localhost:5173
[05/25/2023, 13:45:39] myBackendAPI - INFO: GET /posts/643b9cdd7758ab9187dca666	http://localhost:5173
[05/25/2023, 13:48:03] myBackendAPI - INFO: PATCH /posts/643b9cdd7758ab9187dca666/like	http://localhost:5173
[05/25/2023, 13:48:03] myBackendAPI - INFO: GET /posts/643b9cdd7758ab9187dca666	http://localhost:5173
[05/25/2023, 13:48:04] myBackendAPI - INFO: PATCH /posts/643b9cdd7758ab9187dca666/like	http://localhost:5173
[05/25/2023, 13:48:04] myBackendAPI - INFO: GET /posts/643b9cdd7758ab9187dca666	http://localhost:5173
[05/25/2023, 13:48:25] myBackendAPI - INFO: GET /posts	http://localhost:5173
[05/25/2023, 13:48:29] myBackendAPI - INFO: PATCH /posts/646e1c79ac3a4d1009cda86f/like	http://localhost:5173
[05/25/2023, 13:48:29] myBackendAPI - INFO: GET /posts	http://localhost:5173
[05/25/2023, 13:48:31] myBackendAPI - INFO: PATCH /posts/646e1f6592998a8f02e52144/like	http://localhost:5173
[05/25/2023, 13:48:31] myBackendAPI - INFO: GET /posts	http://localhost:5173
